c:\users\yelganjaoui\documents\github\mini-studio2.0\mini-studio2.0\x64\debug\vc143.pdb
c:\users\yelganjaoui\documents\github\mini-studio2.0\mini-studio2.0\x64\debug\vc143.idb
c:\users\yelganjaoui\documents\github\mini-studio2.0\mini-studio2.0\x64\debug\playermovement.obj
c:\users\yelganjaoui\documents\github\mini-studio2.0\mini-studio2.0\x64\debug\player.obj
c:\users\yelganjaoui\documents\github\mini-studio2.0\mini-studio2.0\x64\debug\mini-studio2.0.obj
c:\users\yelganjaoui\documents\github\mini-studio2.0\mini-studio2.0\x64\debug\scene.obj
c:\users\yelganjaoui\documents\github\mini-studio2.0\mini-studio2.0\x64\debug\quit.obj
c:\users\yelganjaoui\documents\github\mini-studio2.0\mini-studio2.0\x64\debug\play.obj
c:\users\yelganjaoui\documents\github\mini-studio2.0\mini-studio2.0\x64\debug\platformstest.obj
c:\users\yelganjaoui\documents\github\mini-studio2.0\mini-studio2.0\x64\debug\pausescreen.obj
c:\users\yelganjaoui\documents\github\mini-studio2.0\mini-studio2.0\x64\debug\levelmanager.obj
c:\users\yelganjaoui\documents\github\mini-studio2.0\mini-studio2.0\x64\debug\input.obj
c:\users\yelganjaoui\documents\github\mini-studio2.0\mini-studio2.0\x64\debug\goal.obj
c:\users\yelganjaoui\documents\github\mini-studio2.0\mini-studio2.0\x64\debug\gametime.obj
c:\users\yelganjaoui\documents\github\mini-studio2.0\mini-studio2.0\x64\debug\bouton.obj
c:\users\yelganjaoui\documents\github\mini-studio2.0\mini-studio2.0\x64\debug\background.obj
c:\users\yelganjaoui\documents\github\mini-studio2.0\mini-studio2.0\x64\debug\retry.obj
c:\users\yelganjaoui\documents\github\mini-studio2.0\mini-studio2.0\x64\debug\gameoverscreen.obj
c:\users\yelganjaoui\documents\github\mini-studio2.0\mini-studio2.0\x64\debug\mini-studio2.0.ilk
c:\users\yelganjaoui\documents\github\mini-studio2.0\mini-studio2.0\x64\debug\backgroundover.obj
c:\users\yelganjaoui\documents\github\mini-studio2.0\mini-studio2.0\x64\debug\collectables.obj
c:\users\yelganjaoui\documents\github\mini-studio2.0\mini-studio2.0\x64\debug\collisions.obj
c:\users\yelganjaoui\documents\github\mini-studio2.0\mini-studio2.0\x64\debug\dashorb.obj
c:\users\yelganjaoui\documents\github\mini-studio2.0\mini-studio2.0\x64\debug\dashsystem.obj
c:\users\yelganjaoui\documents\github\mini-studio2.0\mini-studio2.0\x64\debug\entity.obj
c:\users\yelganjaoui\documents\github\mini-studio2.0\mini-studio2.0\x64\debug\parallax.obj
c:\users\yelganjaoui\documents\github\mini-studio2.0\mini-studio2.0\x64\debug\traps.obj
c:\users\yelganjaoui\documents\github\mini-studio2.0\mini-studio2.0\x64\debug\mini-studio2.0.pdb
c:\users\yelganjaoui\documents\github\mini-studio2.0\x64\debug\mini-studio2.0.pdb
c:\users\yelganjaoui\documents\github\mini-studio2.0\mini-studio2.0\x64\debug\mini-studio2.0.tlog\cl.command.1.tlog
c:\users\yelganjaoui\documents\github\mini-studio2.0\mini-studio2.0\x64\debug\mini-studio2.0.tlog\cl.items.tlog
c:\users\yelganjaoui\documents\github\mini-studio2.0\mini-studio2.0\x64\debug\mini-studio2.0.tlog\cl.read.1.tlog
c:\users\yelganjaoui\documents\github\mini-studio2.0\mini-studio2.0\x64\debug\mini-studio2.0.tlog\cl.write.1.tlog
c:\users\yelganjaoui\documents\github\mini-studio2.0\mini-studio2.0\x64\debug\mini-studio2.0.tlog\link-cvtres.read.1.tlog
c:\users\yelganjaoui\documents\github\mini-studio2.0\mini-studio2.0\x64\debug\mini-studio2.0.tlog\link-cvtres.write.1.tlog
c:\users\yelganjaoui\documents\github\mini-studio2.0\mini-studio2.0\x64\debug\mini-studio2.0.tlog\link-rc.read.1.tlog
c:\users\yelganjaoui\documents\github\mini-studio2.0\mini-studio2.0\x64\debug\mini-studio2.0.tlog\link-rc.write.1.tlog
c:\users\yelganjaoui\documents\github\mini-studio2.0\mini-studio2.0\x64\debug\mini-studio2.0.tlog\link.command.1.tlog
c:\users\yelganjaoui\documents\github\mini-studio2.0\mini-studio2.0\x64\debug\mini-studio2.0.tlog\link.read.1.tlog
c:\users\yelganjaoui\documents\github\mini-studio2.0\mini-studio2.0\x64\debug\mini-studio2.0.tlog\link.read.2.tlog
c:\users\yelganjaoui\documents\github\mini-studio2.0\mini-studio2.0\x64\debug\mini-studio2.0.tlog\link.secondary.1.tlog
c:\users\yelganjaoui\documents\github\mini-studio2.0\mini-studio2.0\x64\debug\mini-studio2.0.tlog\link.write.1.tlog
